<?xml version="1.0" encoding="UTF-8"?>
<testng-results ignored="0" total="5" passed="5" failed="0" skipped="0">
  <reporter-output>
  </reporter-output>
  <suite started-at="2023-11-02T17:53:11Z" name="Suite" finished-at="2023-11-02T17:54:11Z" duration-ms="59946">
    <groups>
    </groups>
    <test started-at="2023-11-02T17:53:11Z" name="Test" finished-at="2023-11-02T17:54:11Z" duration-ms="59946">
      <class name="com.qa.testlayer.TC_001_ValidateRegisterForm">
        <test-method is-config="true" signature="browserLaunch()[pri:0, instance:com.qa.testlayer.TC_001_ValidateRegisterForm@606e4010]" started-at="2023-11-02T17:53:11Z" name="browserLaunch" finished-at="2023-11-02T17:53:20Z" duration-ms="9168" status="PASS">
          <reporter-output>
          </reporter-output>
        </test-method> <!-- browserLaunch -->
        <test-method signature="validateLinkTextinBC()[pri:0, instance:com.qa.testlayer.TC_001_ValidateRegisterForm@606e4010]" started-at="2023-11-02T17:53:20Z" name="validateLinkTextinBC" finished-at="2023-11-02T17:53:21Z" duration-ms="564" status="PASS">
          <reporter-output>
          </reporter-output>
        </test-method> <!-- validateLinkTextinBC -->
        <test-method is-config="true" signature="closeBrowser()[pri:0, instance:com.qa.testlayer.TC_001_ValidateRegisterForm@606e4010]" started-at="2023-11-02T17:53:21Z" name="closeBrowser" finished-at="2023-11-02T17:53:21Z" duration-ms="207" status="PASS">
          <reporter-output>
          </reporter-output>
        </test-method> <!-- closeBrowser -->
        <test-method is-config="true" signature="browserLaunch()[pri:0, instance:com.qa.testlayer.TC_001_ValidateRegisterForm@606e4010]" started-at="2023-11-02T17:53:22Z" name="browserLaunch" finished-at="2023-11-02T17:53:29Z" duration-ms="6389" status="PASS">
          <reporter-output>
          </reporter-output>
        </test-method> <!-- browserLaunch -->
        <test-method signature="validateRegisterForm(java.lang.String, java.lang.String, java.lang.String, java.lang.String)[pri:0, instance:com.qa.testlayer.TC_001_ValidateRegisterForm@606e4010]" started-at="2023-11-02T17:53:29Z" name="validateRegisterForm" data-provider="passDataFromExcel" finished-at="2023-11-02T17:53:33Z" duration-ms="4298" status="PASS">
          <params>
            <param index="0">
              <value>
                <![CDATA[John]]>
              </value>
            </param>
            <param index="1">
              <value>
                <![CDATA[Peter]]>
              </value>
            </param>
            <param index="2">
              <value>
                <![CDATA[jp@test.com]]>
              </value>
            </param>
            <param index="3">
              <value>
                <![CDATA[john123]]>
              </value>
            </param>
          </params>
          <reporter-output>
          </reporter-output>
        </test-method> <!-- validateRegisterForm -->
        <test-method is-config="true" signature="closeBrowser()[pri:0, instance:com.qa.testlayer.TC_001_ValidateRegisterForm@606e4010]" started-at="2023-11-02T17:53:33Z" name="closeBrowser" finished-at="2023-11-02T17:53:33Z" duration-ms="135" status="PASS">
          <reporter-output>
          </reporter-output>
        </test-method> <!-- closeBrowser -->
        <test-method is-config="true" signature="browserLaunch()[pri:0, instance:com.qa.testlayer.TC_001_ValidateRegisterForm@606e4010]" started-at="2023-11-02T17:53:33Z" name="browserLaunch" finished-at="2023-11-02T17:53:43Z" duration-ms="9877" status="PASS">
          <reporter-output>
          </reporter-output>
        </test-method> <!-- browserLaunch -->
        <test-method signature="validateRegisterForm(java.lang.String, java.lang.String, java.lang.String, java.lang.String)[pri:0, instance:com.qa.testlayer.TC_001_ValidateRegisterForm@606e4010]" started-at="2023-11-02T17:53:43Z" name="validateRegisterForm" data-provider="passDataFromExcel" finished-at="2023-11-02T17:53:47Z" duration-ms="4062" status="PASS">
          <params>
            <param index="0">
              <value>
                <![CDATA[Sam]]>
              </value>
            </param>
            <param index="1">
              <value>
                <![CDATA[Son]]>
              </value>
            </param>
            <param index="2">
              <value>
                <![CDATA[ss@test.com]]>
              </value>
            </param>
            <param index="3">
              <value>
                <![CDATA[ss123]]>
              </value>
            </param>
          </params>
          <reporter-output>
          </reporter-output>
        </test-method> <!-- validateRegisterForm -->
        <test-method is-config="true" signature="closeBrowser()[pri:0, instance:com.qa.testlayer.TC_001_ValidateRegisterForm@606e4010]" started-at="2023-11-02T17:53:47Z" name="closeBrowser" finished-at="2023-11-02T17:53:47Z" duration-ms="165" status="PASS">
          <reporter-output>
          </reporter-output>
        </test-method> <!-- closeBrowser -->
        <test-method is-config="true" signature="browserLaunch()[pri:0, instance:com.qa.testlayer.TC_001_ValidateRegisterForm@606e4010]" started-at="2023-11-02T17:53:47Z" name="browserLaunch" finished-at="2023-11-02T17:53:54Z" duration-ms="6690" status="PASS">
          <reporter-output>
          </reporter-output>
        </test-method> <!-- browserLaunch -->
        <test-method signature="validateRegisterForm(java.lang.String, java.lang.String, java.lang.String, java.lang.String)[pri:0, instance:com.qa.testlayer.TC_001_ValidateRegisterForm@606e4010]" started-at="2023-11-02T17:53:54Z" name="validateRegisterForm" data-provider="passDataFromExcel" finished-at="2023-11-02T17:53:59Z" duration-ms="4727" status="PASS">
          <params>
            <param index="0">
              <value>
                <![CDATA[Jack]]>
              </value>
            </param>
            <param index="1">
              <value>
                <![CDATA[Jill]]>
              </value>
            </param>
            <param index="2">
              <value>
                <![CDATA[jj@test.com]]>
              </value>
            </param>
            <param index="3">
              <value>
                <![CDATA[jj123]]>
              </value>
            </param>
          </params>
          <reporter-output>
          </reporter-output>
        </test-method> <!-- validateRegisterForm -->
        <test-method is-config="true" signature="closeBrowser()[pri:0, instance:com.qa.testlayer.TC_001_ValidateRegisterForm@606e4010]" started-at="2023-11-02T17:53:59Z" name="closeBrowser" finished-at="2023-11-02T17:53:59Z" duration-ms="135" status="PASS">
          <reporter-output>
          </reporter-output>
        </test-method> <!-- closeBrowser -->
        <test-method is-config="true" signature="browserLaunch()[pri:0, instance:com.qa.testlayer.TC_001_ValidateRegisterForm@606e4010]" started-at="2023-11-02T17:53:59Z" name="browserLaunch" finished-at="2023-11-02T17:54:07Z" duration-ms="7680" status="PASS">
          <reporter-output>
          </reporter-output>
        </test-method> <!-- browserLaunch -->
        <test-method signature="validateRegisterForm(java.lang.String, java.lang.String, java.lang.String, java.lang.String)[pri:0, instance:com.qa.testlayer.TC_001_ValidateRegisterForm@606e4010]" started-at="2023-11-02T17:54:07Z" name="validateRegisterForm" data-provider="passDataFromExcel" finished-at="2023-11-02T17:54:10Z" duration-ms="3794" status="PASS">
          <params>
            <param index="0">
              <value>
                <![CDATA[Jim]]>
              </value>
            </param>
            <param index="1">
              <value>
                <![CDATA[Tom]]>
              </value>
            </param>
            <param index="2">
              <value>
                <![CDATA[jt@test.com]]>
              </value>
            </param>
            <param index="3">
              <value>
                <![CDATA[jt123]]>
              </value>
            </param>
          </params>
          <reporter-output>
          </reporter-output>
        </test-method> <!-- validateRegisterForm -->
        <test-method is-config="true" signature="closeBrowser()[pri:0, instance:com.qa.testlayer.TC_001_ValidateRegisterForm@606e4010]" started-at="2023-11-02T17:54:10Z" name="closeBrowser" finished-at="2023-11-02T17:54:11Z" duration-ms="369" status="PASS">
          <reporter-output>
          </reporter-output>
        </test-method> <!-- closeBrowser -->
      </class> <!-- com.qa.testlayer.TC_001_ValidateRegisterForm -->
    </test> <!-- Test -->
  </suite> <!-- Suite -->
</testng-results>
