<?xml version="1.0" encoding="UTF-8"?>
<!-- Generated by org.testng.reporters.JUnitXMLReporter -->
<testsuite ignored="0" hostname="DESKTOP-S1MQ5B3" failures="0" tests="5" name="Test" time="69.618" errors="0" timestamp="31 Oct 2023 18:20:07 GMT">
  <testcase classname="com.qa.testlayer.TC_001_ValidateRegisterForm" name="validateLinkTextinBC" time="1.021"/>
  <testcase classname="com.qa.testlayer.TC_001_ValidateRegisterForm" name="validateRegisterForm" time="4.346"/>
  <testcase classname="com.qa.testlayer.TC_001_ValidateRegisterForm" name="validateRegisterForm" time="4.277"/>
  <testcase classname="com.qa.testlayer.TC_001_ValidateRegisterForm" name="validateRegisterForm" time="4.188"/>
  <testcase classname="com.qa.testlayer.TC_001_ValidateRegisterForm" name="validateRegisterForm" time="4.192"/>
</testsuite> <!-- Test -->
