<?xml version="1.0" encoding="UTF-8"?>
<!-- Generated by org.testng.reporters.JUnitXMLReporter -->
<testsuite ignored="0" hostname="DESKTOP-S1MQ5B3" failures="0" tests="5" name="Test" time="59.946" errors="0" timestamp="02 Nov 2023 17:54:11 GMT">
  <testcase classname="com.qa.testlayer.TC_001_ValidateRegisterForm" name="validateLinkTextinBC" time="0.564"/>
  <testcase classname="com.qa.testlayer.TC_001_ValidateRegisterForm" name="validateRegisterForm" time="4.298"/>
  <testcase classname="com.qa.testlayer.TC_001_ValidateRegisterForm" name="validateRegisterForm" time="4.062"/>
  <testcase classname="com.qa.testlayer.TC_001_ValidateRegisterForm" name="validateRegisterForm" time="4.727"/>
  <testcase classname="com.qa.testlayer.TC_001_ValidateRegisterForm" name="validateRegisterForm" time="3.794"/>
</testsuite> <!-- Test -->
