<?xml version="1.0" encoding="UTF-8"?>
<!-- Generated by org.testng.reporters.JUnitXMLReporter -->
<testsuite ignored="0" hostname="DESKTOP-S1MQ5B3" failures="0" tests="5" name="Default test" time="52.132" errors="0" timestamp="31 Oct 2023 18:22:36 GMT">
  <testcase classname="com.qa.testlayer.TC_001_ValidateRegisterForm" name="validateLinkTextinBC" time="0.742"/>
  <testcase classname="com.qa.testlayer.TC_001_ValidateRegisterForm" name="validateRegisterForm" time="4.311"/>
  <testcase classname="com.qa.testlayer.TC_001_ValidateRegisterForm" name="validateRegisterForm" time="4.271"/>
  <testcase classname="com.qa.testlayer.TC_001_ValidateRegisterForm" name="validateRegisterForm" time="4.572"/>
  <testcase classname="com.qa.testlayer.TC_001_ValidateRegisterForm" name="validateRegisterForm" time="4.236"/>
</testsuite> <!-- Default test -->
